
Not Found: /favicon.ico
Not Found: /favicon.ico
Watching for file changes with StatReloader
Watching for file changes with StatReloader
/home/grgr/Projects/iwdev/iwdev/inworkapi/development_settings.py changed, reloading.
Watching for file changes with StatReloader
/home/grgr/Projects/iwdev/iwdev/inworkapi/development_settings.py changed, reloading.
Watching for file changes with StatReloader
"GET / HTTP/1.1" 200 314
"GET /static/css/style.css HTTP/1.1" 200 588
Not Found: /favicon.ico
"GET /favicon.ico HTTP/1.1" 404 2291
Watching for file changes with StatReloader
Watching for file changes with StatReloader
"GET / HTTP/1.1" 200 314
"GET /static/css/style.css HTTP/1.1" 200 588
Not Found: /favicon.ico
"GET /favicon.ico HTTP/1.1" 404 2291
"POST /api/get_tokens HTTP/1.1" 200 4721
Not Found: /api/confirm_reset_password/
"POST /api/confirm_reset_password/ HTTP/1.1" 404 9104
Not Found: /api/initiate_reset_password/
"POST /api/initiate_reset_password/ HTTP/1.1" 404 9107
"POST /api/users/initiate_reset_password/ HTTP/1.1" 200 421
Internal Server Error: /api/users/confirm_sign_up/
Traceback (most recent call last):
  File "/home/grgr/Projects/iwdev/env/lib/python3.7/site-packages/django/core/handlers/exception.py", line 34, in inner
    response = get_response(request)
  File "/home/grgr/Projects/iwdev/env/lib/python3.7/site-packages/django/core/handlers/base.py", line 115, in _get_response
    response = self.process_exception_by_middleware(e, request)
  File "/home/grgr/Projects/iwdev/env/lib/python3.7/site-packages/django/core/handlers/base.py", line 113, in _get_response
    response = wrapped_callback(request, *callback_args, **callback_kwargs)
  File "/home/grgr/Projects/iwdev/env/lib/python3.7/site-packages/django/views/decorators/csrf.py", line 54, in wrapped_view
    return view_func(*args, **kwargs)
  File "/home/grgr/Projects/iwdev/env/lib/python3.7/site-packages/django/views/generic/base.py", line 71, in view
    return self.dispatch(request, *args, **kwargs)
  File "/home/grgr/Projects/iwdev/env/lib/python3.7/site-packages/rest_framework/views.py", line 505, in dispatch
    response = self.handle_exception(exc)
  File "/home/grgr/Projects/iwdev/env/lib/python3.7/site-packages/rest_framework/views.py", line 465, in handle_exception
    self.raise_uncaught_exception(exc)
  File "/home/grgr/Projects/iwdev/env/lib/python3.7/site-packages/rest_framework/views.py", line 476, in raise_uncaught_exception
    raise exc
  File "/home/grgr/Projects/iwdev/env/lib/python3.7/site-packages/rest_framework/views.py", line 502, in dispatch
    response = handler(request, *args, **kwargs)
  File "/home/grgr/Projects/iwdev/env/lib/python3.7/site-packages/rest_framework/decorators.py", line 50, in handler
    return func(*args, **kwargs)
  File "/home/grgr/Projects/iwdev/iwdev/users/views.py", line 156, in confirm_sign_up
    ConfirmationCode=request.data['confirmation_code'],
  File "/home/grgr/Projects/iwdev/env/lib/python3.7/site-packages/botocore/client.py", line 276, in _api_call
    return self._make_api_call(operation_name, kwargs)
  File "/home/grgr/Projects/iwdev/env/lib/python3.7/site-packages/botocore/client.py", line 586, in _make_api_call
    raise error_class(parsed_response, operation_name)
botocore.errorfactory.ExpiredCodeException: An error occurred (ExpiredCodeException) when calling the ConfirmSignUp operation: Invalid code provided, please request a code again.
"POST /api/users/confirm_sign_up/ HTTP/1.1" 500 20229
/home/grgr/Projects/iwdev/iwdev/api/urls.py changed, reloading.
Watching for file changes with StatReloader
"GET /api/orders/ HTTP/1.1" 200 2
"GET /api/clients/ HTTP/1.1" 200 2
/home/grgr/Projects/iwdev/iwdev/clients/urls.py changed, reloading.
Watching for file changes with StatReloader
/home/grgr/Projects/iwdev/iwdev/inworkapi/views.py changed, reloading.
Watching for file changes with StatReloader
Not Found: /asda
"GET /asda HTTP/1.1" 404 2270
Not Found: /api/clies
"GET /api/clies HTTP/1.1" 404 9049
/home/grgr/Projects/iwdev/iwdev/inworkapi/development_settings.py changed, reloading.
Watching for file changes with StatReloader
Not Found: /api/clies
"GET /api/clies HTTP/1.1" 404 424
Watching for file changes with StatReloader
Not Found: /api/clies
"GET /api/clies HTTP/1.1" 404 424
Not Found: /api/clies
"GET /api/clies HTTP/1.1" 404 424
Not Found: /api/clies
"GET /api/clies HTTP/1.1" 404 424
Watching for file changes with StatReloader
Not Found: /api/clies
"GET /api/clies HTTP/1.1" 404 77
/home/grgr/Projects/iwdev/iwdev/inworkapi/views.py changed, reloading.
Watching for file changes with StatReloader
Not Found: /api/clies
"GET /api/clies HTTP/1.1" 404 77
Not Found: /api/clies
"GET /api/clies HTTP/1.1" 404 77
Watching for file changes with StatReloader
Not Found: /api/clies
"GET /api/clies HTTP/1.1" 404 424
Not Found: /asda
"GET /asda HTTP/1.1" 404 424
/home/grgr/Projects/iwdev/iwdev/api/urls.py changed, reloading.
Watching for file changes with StatReloader
/home/grgr/Projects/iwdev/iwdev/api/urls.py changed, reloading.
Watching for file changes with StatReloader
/home/grgr/Projects/iwdev/iwdev/api/urls.py changed, reloading.
Watching for file changes with StatReloader
/home/grgr/Projects/iwdev/iwdev/api/urls.py changed, reloading.
Watching for file changes with StatReloader
Not Found: /api/clies
"GET /api/clies HTTP/1.1" 404 424
Not Found: /api/clies
"GET /api/clies HTTP/1.1" 404 424
Not Found: /api/clies
"GET /api/clies HTTP/1.1" 404 424
Watching for file changes with StatReloader
Not Found: /api/clies
"GET /api/clies HTTP/1.1" 404 77
Not Found: /asda
"GET /asda HTTP/1.1" 404 77
/home/grgr/Projects/iwdev/iwdev/api/urls.py changed, reloading.
Watching for file changes with StatReloader
/home/grgr/Projects/iwdev/iwdev/inworkapi/urls.py changed, reloading.
Watching for file changes with StatReloader
"GET /api/clies HTTP/1.1" 500 59
"GET /asda HTTP/1.1" 500 59
Unauthorized: /api/users/
"GET /api/users/ HTTP/1.1" 401 5255
"GET /static/rest_framework/js/jquery-3.4.1.min.220afd743d9e.js HTTP/1.1" 200 30638
/home/grgr/Projects/iwdev/iwdev/inworkapi/views.py changed, reloading.
Watching for file changes with StatReloader
"GET /api/clies HTTP/1.1" 200 48
"GET /api/companies/ HTTP/1.1" 200 2
